
> nodejs-custom-version@1.0.0 start /home/runner/Warden-Bot
> node .

Hello from Node.js v16.6.1!
Assistindo 12 Canais
10 lOADED
guild  Events Loaded Successfullly
interactionCreate.js  Events Loaded Successfullly
messageCreate.js  Events Loaded Successfullly
ready.js  Events Loaded Successfullly
threadCreate.js  Events Loaded Successfullly
5 sls lOADED

> nodejs-custom-version@1.0.0 start /home/runner/Warden-Bot
> node .

Hello from Node.js v16.6.1!
Assistindo 12 Canais
10 lOADED
guild  Events Loaded Successfullly
interactionCreate.js  Events Loaded Successfullly
messageCreate.js  Events Loaded Successfullly
ready.js  Events Loaded Successfullly
threadCreate.js  Events Loaded Successfullly
5 sls lOADED

> nodejs-custom-version@1.0.0 start /home/runner/Warden-Bot
> node .


> nodejs-custom-version@1.0.0 start /home/runner/Warden-Bot
> node .

Hello from Node.js v16.6.1!
Assistindo 12 Canais
10 lOADED
guild  Events Loaded Successfullly
interactionCreate.js  Events Loaded Successfullly
messageCreate.js  Events Loaded Successfullly
ready.js  Events Loaded Successfullly
threadCreate.js  Events Loaded Successfullly
5 sls lOADED

> nodejs-custom-version@1.0.0 start /home/runner/Warden-Bot
> node .

Hello from Node.js v16.6.1!
Assistindo 12 Canais
10 lOADED
guild  Events Loaded Successfullly
interactionCreate.js  Events Loaded Successfullly
messageCreate.js  Events Loaded Successfullly
ready.js  Events Loaded Successfullly
threadCreate.js  Events Loaded Successfullly
5 sls lOADED

> nodejs-custom-version@1.0.0 start /home/runner/Warden-Bot
> node .

Hello from Node.js v16.6.1!
Assistindo 12 Canais
10 lOADED
guild  Events Loaded Successfullly
interactionCreate.js  Events Loaded Successfullly
messageCreate.js  Events Loaded Successfullly
ready.js  Events Loaded Successfullly
threadCreate.js  Events Loaded Successfullly
5 sls lOADED

> nodejs-custom-version@1.0.0 start /home/runner/Warden-Bot
> node .

Hello from Node.js v16.6.1!
Assistindo 12 Canais
10 lOADED
guild  Events Loaded Successfullly
interactionCreate.js  Events Loaded Successfullly
messageCreate.js  Events Loaded Successfullly
ready.js  Events Loaded Successfullly
threadCreate.js  Events Loaded Successfullly
5 sls lOADED

> nodejs-custom-version@1.0.0 start /home/runner/Warden-Bot
> node .

Hello from Node.js v16.6.1!
Assistindo 12 Canais
10 lOADED
guild  Events Loaded Successfullly
interactionCreate.js  Events Loaded Successfullly
messageCreate.js  Events Loaded Successfullly
ready.js  Events Loaded Successfullly
threadCreate.js  Events Loaded Successfullly
5 sls lOADED

> nodejs-custom-version@1.0.0 start /home/runner/Warden-Bot
> node .

Hello from Node.js v16.6.1!
Assistindo 12 Canais
10 lOADED
guild  Events Loaded Successfullly
interactionCreate.js  Events Loaded Successfullly
messageCreate.js  Events Loaded Successfullly
ready.js  Events Loaded Successfullly
threadCreate.js  Events Loaded Successfullly
5 sls lOADED

> nodejs-custom-version@1.0.0 start /home/runner/Warden-Bot
> node .


> nodejs-custom-version@1.0.0 start /home/runner/Warden-Bot
> node .

Hello from Node.js v16.6.1!
Assistindo 12 Canais
10 lOADED
guild  Events Loaded Successfullly
interactionCreate.js  Events Loaded Successfullly
messageCreate.js  Events Loaded Successfullly
ready.js  Events Loaded Successfullly
threadCreate.js  Events Loaded Successfullly
5 sls lOADED

> nodejs-custom-version@1.0.0 start /home/runner/Warden-Bot
> node .

Hello from Node.js v16.6.1!
Assistindo 12 Canais
10 lOADED
guild  Events Loaded Successfullly
interactionCreate.js  Events Loaded Successfullly
messageCreate.js  Events Loaded Successfullly
ready.js  Events Loaded Successfullly
threadCreate.js  Events Loaded Successfullly
5 sls lOADED

> nodejs-custom-version@1.0.0 start /home/runner/Warden-Bot
> node .

Hello from Node.js v16.6.1!
Assistindo 12 Canais
10 lOADED
guild  Events Loaded Successfullly
interactionCreate.js  Events Loaded Successfullly
messageCreate.js  Events Loaded Successfullly
ready.js  Events Loaded Successfullly
threadCreate.js  Events Loaded Successfullly
5 sls lOADED

> nodejs-custom-version@1.0.0 start /home/runner/Warden-Bot
> node .

Hello from Node.js v16.6.1!
Assistindo 12 Canais
10 lOADED
guild  Events Loaded Successfullly
interactionCreate.js  Events Loaded Successfullly
messageCreate.js  Events Loaded Successfullly
ready.js  Events Loaded Successfullly
threadCreate.js  Events Loaded Successfullly
5 sls lOADED

> nodejs-custom-version@1.0.0 start /home/runner/Warden-Bot
> node .

Hello from Node.js v16.6.1!
Assistindo 12 Canais
10 lOADED
guild  Events Loaded Successfullly
interactionCreate.js  Events Loaded Successfullly
messageCreate.js  Events Loaded Successfullly
ready.js  Events Loaded Successfullly
threadCreate.js  Events Loaded Successfullly
5 sls lOADED

> nodejs-custom-version@1.0.0 start /home/runner/Warden-Bot
> node .

Hello from Node.js v16.6.1!
Assistindo 12 Canais
10 lOADED
guild  Events Loaded Successfullly
interactionCreate.js  Events Loaded Successfullly
messageCreate.js  Events Loaded Successfullly
ready.js  Events Loaded Successfullly
threadCreate.js  Events Loaded Successfullly
5 sls lOADED

> nodejs-custom-version@1.0.0 start /home/runner/Warden-Bot
> node .

Hello from Node.js v16.6.1!
Assistindo 12 Canais
10 lOADED
guild  Events Loaded Successfullly
interactionCreate.js  Events Loaded Successfullly
messageCreate.js  Events Loaded Successfullly
ready.js  Events Loaded Successfullly
threadCreate.js  Events Loaded Successfullly
5 sls lOADED

> nodejs-custom-version@1.0.0 start /home/runner/Warden-Bot
> node .

Hello from Node.js v16.6.1!
Assistindo 12 Canais
10 lOADED
guild  Events Loaded Successfullly
interactionCreate.js  Events Loaded Successfullly
messageCreate.js  Events Loaded Successfullly
ready.js  Events Loaded Successfullly
threadCreate.js  Events Loaded Successfullly
5 sls lOADED

> nodejs-custom-version@1.0.0 start /home/runner/Warden-Bot
> node .

Hello from Node.js v16.6.1!
Assistindo 12 Canais
10 lOADED
guild  Events Loaded Successfullly
interactionCreate.js  Events Loaded Successfullly
messageCreate.js  Events Loaded Successfullly
ready.js  Events Loaded Successfullly
threadCreate.js  Events Loaded Successfullly
5 sls lOADED

> nodejs-custom-version@1.0.0 start /home/runner/Warden-Bot
> node .

Hello from Node.js v16.6.1!
Assistindo 12 Canais
10 lOADED
guild  Events Loaded Successfullly
interactionCreate.js  Events Loaded Successfullly
messageCreate.js  Events Loaded Successfullly
ready.js  Events Loaded Successfullly
threadCreate.js  Events Loaded Successfullly
5 sls lOADED

> nodejs-custom-version@1.0.0 start /home/runner/Warden-Bot
> node .

Hello from Node.js v16.6.1!
Assistindo 12 Canais
10 lOADED
guild  Events Loaded Successfullly
interactionCreate.js  Events Loaded Successfullly
messageCreate.js  Events Loaded Successfullly
ready.js  Events Loaded Successfullly
threadCreate.js  Events Loaded Successfullly
5 sls lOADED

> nodejs-custom-version@1.0.0 start /home/runner/Warden-Bot
> node .

Hello from Node.js v16.6.1!
Assistindo 12 Canais
10 lOADED
guild  Events Loaded Successfullly
interactionCreate.js  Events Loaded Successfullly
messageCreate.js  Events Loaded Successfullly
ready.js  Events Loaded Successfullly
threadCreate.js  Events Loaded Successfullly
5 sls lOADED

> nodejs-custom-version@1.0.0 start /home/runner/Warden-Bot
> node .

Hello from Node.js v16.6.1!
Assistindo 12 Canais
10 lOADED
guild  Events Loaded Successfullly
interactionCreate.js  Events Loaded Successfullly
messageCreate.js  Events Loaded Successfullly
ready.js  Events Loaded Successfullly
threadCreate.js  Events Loaded Successfullly
5 sls lOADED

> nodejs-custom-version@1.0.0 start /home/runner/Warden-Bot
> node .


> nodejs-custom-version@1.0.0 start /home/runner/Warden-Bot
> node .

Hello from Node.js v16.6.1!
Assistindo 12 Canais
10 lOADED
guild  Events Loaded Successfullly
interactionCreate.js  Events Loaded Successfullly
messageCreate.js  Events Loaded Successfullly
ready.js  Events Loaded Successfullly
threadCreate.js  Events Loaded Successfullly
5 sls lOADED
Error: Status Code: 420
    at Request.<anonymous> (/home/runner/Warden-Bot/node_modules/twitter/lib/twitter.js:277:28)
    at Request.emit (node:events:394:28)
    at Request.onRequestResponse (/home/runner/Warden-Bot/node_modules/request/request.js:1059:10)
    at ClientRequest.emit (node:events:394:28)
    at HTTPParser.parserOnIncomingClient [as onIncoming] (node:_http_client:621:27)
    at HTTPParser.parserOnHeadersComplete (node:_http_common:128:17)
    at TLSSocket.socketOnData (node:_http_client:487:22)
    at TLSSocket.emit (node:events:394:28)
    at addChunk (node:internal/streams/readable:312:12)
    at readableAddChunk (node:internal/streams/readable:287:9)
    at TLSSocket.Readable.push (node:internal/streams/readable:226:10)
    at TLSWrap.onStreamRead (node:internal/stream_base_commons:190:23)
SyntaxError: Unexpected token E in JSON at position 0
    at JSON.parse (<anonymous>)
    at Parser.receive (/home/runner/Warden-Bot/node_modules/twitter/lib/parser.js:40:21)
    at IncomingMessage.<anonymous> (/home/runner/Warden-Bot/node_modules/twitter/lib/twitter.js:284:14)
    at IncomingMessage.emit (node:events:406:35)
    at IncomingMessage.Readable.read (node:internal/streams/readable:523:10)
    at flow (node:internal/streams/readable:1007:34)
    at resume_ (node:internal/streams/readable:988:3)
    at processTicksAndRejections (node:internal/process/task_queues:83:21) {
  source: 'Exceeded connection limit for user'
}

> nodejs-custom-version@1.0.0 start /home/runner/Warden-Bot
> node .

Hello from Node.js v16.6.1!
Assistindo 12 Canais
10 lOADED
guild  Events Loaded Successfullly
interactionCreate.js  Events Loaded Successfullly
messageCreate.js  Events Loaded Successfullly
ready.js  Events Loaded Successfullly
threadCreate.js  Events Loaded Successfullly
5 sls lOADED

> nodejs-custom-version@1.0.0 start /home/runner/Warden-Bot
> node .

Hello from Node.js v16.6.1!
Assistindo 12 Canais
10 lOADED
guild  Events Loaded Successfullly
interactionCreate.js  Events Loaded Successfullly
messageCreate.js  Events Loaded Successfullly
ready.js  Events Loaded Successfullly
threadCreate.js  Events Loaded Successfullly
5 sls lOADED

> nodejs-custom-version@1.0.0 start /home/runner/Warden-Bot
> node .

Hello from Node.js v16.6.1!
Assistindo 12 Canais
10 lOADED
guild  Events Loaded Successfullly
interactionCreate.js  Events Loaded Successfullly
messageCreate.js  Events Loaded Successfullly
ready.js  Events Loaded Successfullly
threadCreate.js  Events Loaded Successfullly
5 sls lOADED

> nodejs-custom-version@1.0.0 start /home/runner/Warden-Bot
> node .

Hello from Node.js v16.6.1!
Assistindo 12 Canais
10 lOADED
guild  Events Loaded Successfullly
interactionCreate.js  Events Loaded Successfullly
messageCreate.js  Events Loaded Successfullly
ready.js  Events Loaded Successfullly
threadCreate.js  Events Loaded Successfullly
5 sls lOADED

> nodejs-custom-version@1.0.0 start /home/runner/Warden-Bot
> node .

Hello from Node.js v16.6.1!
Assistindo 12 Canais
10 lOADED
guild  Events Loaded Successfullly
interactionCreate.js  Events Loaded Successfullly
messageCreate.js  Events Loaded Successfullly
ready.js  Events Loaded Successfullly
threadCreate.js  Events Loaded Successfullly
